<?xml version="1.0" encoding="UTF-8"?>
<!-- Generated by org.testng.reporters.JUnitXMLReporter -->
<testsuite ignored="0" hostname="VishnuPriya" failures="0" tests="3" name="Surefire test" time="3.862" errors="0" timestamp="2025-07-09T15:52:16 IST">
  <testcase classname="com.apptest.AppTest" name="omrLogin" time="3.812"/>
  <testcase classname="com.sampletest.SampleTest" name="testLogin1" time="0.005"/>
  <testcase classname="com.sampletest.SampleTest" name="testLogin2" time="0.003"/>
</testsuite> <!-- Surefire test -->
