<?xml version="1.0" encoding="UTF-8"?>
<testng-results ignored="0" total="3" passed="3" failed="0" skipped="0">
  <reporter-output>
  </reporter-output>
  <suite started-at="2025-07-09T15:52:12 IST" name="Surefire suite" finished-at="2025-07-09T15:52:16 IST" duration-ms="3862">
    <groups>
    </groups>
    <test started-at="2025-07-09T15:52:12 IST" name="Surefire test" finished-at="2025-07-09T15:52:16 IST" duration-ms="3862">
      <class name="com.sampletest.SampleTest">
        <test-method signature="testLogin1()[pri:0, instance:com.sampletest.SampleTest@10e92f8f]" started-at="2025-07-09T15:52:16 IST" name="testLogin1" finished-at="2025-07-09T15:52:16 IST" duration-ms="5" status="PASS">
          <reporter-output>
          </reporter-output>
        </test-method> <!-- testLogin1 -->
        <test-method signature="testLogin2()[pri:0, instance:com.sampletest.SampleTest@10e92f8f]" started-at="2025-07-09T15:52:16 IST" name="testLogin2" finished-at="2025-07-09T15:52:16 IST" duration-ms="3" status="PASS">
          <reporter-output>
          </reporter-output>
        </test-method> <!-- testLogin2 -->
      </class> <!-- com.sampletest.SampleTest -->
      <class name="com.apptest.AppTest">
        <test-method signature="omrLogin()[pri:0, instance:com.apptest.AppTest@1b1473ab]" started-at="2025-07-09T15:52:12 IST" name="omrLogin" finished-at="2025-07-09T15:52:16 IST" duration-ms="3812" status="PASS">
          <reporter-output>
          </reporter-output>
        </test-method> <!-- omrLogin -->
      </class> <!-- com.apptest.AppTest -->
    </test> <!-- Surefire test -->
  </suite> <!-- Surefire suite -->
</testng-results>
