<?xml version="1.0" encoding="UTF-8"?>
<testng-results ignored="0" total="2" passed="2" failed="0" skipped="0">
  <reporter-output>
  </reporter-output>
  <suite started-at="2025-07-09T15:49:01 IST" name="Default suite" finished-at="2025-07-09T15:49:01 IST" duration-ms="55">
    <groups>
    </groups>
    <test started-at="2025-07-09T15:49:01 IST" name="Default test" finished-at="2025-07-09T15:49:01 IST" duration-ms="55">
      <class name="com.sampletest.SampleTest">
        <test-method signature="testLogin1()[pri:0, instance:com.sampletest.SampleTest@54d9d12d]" started-at="2025-07-09T15:49:01 IST" name="testLogin1" finished-at="2025-07-09T15:49:01 IST" duration-ms="11" status="PASS">
          <reporter-output>
          </reporter-output>
        </test-method> <!-- testLogin1 -->
        <test-method signature="testLogin2()[pri:0, instance:com.sampletest.SampleTest@54d9d12d]" started-at="2025-07-09T15:49:01 IST" name="testLogin2" finished-at="2025-07-09T15:49:01 IST" duration-ms="1" status="PASS">
          <reporter-output>
          </reporter-output>
        </test-method> <!-- testLogin2 -->
      </class> <!-- com.sampletest.SampleTest -->
    </test> <!-- Default test -->
  </suite> <!-- Default suite -->
</testng-results>
